2 0 0
5 0 0
34 0 0
38 0 0
57 0 0
75 0 0
88 0 0
100 0 0
101 1 0
102 1 0
106 1 0
122 1 0
137 1 0
153 0 0
168 2 0
183 1 0
186 2 -1
199 1 0
200 2 0
205 1 0
224 0 0
239 0 0
254 0 0
270 1 0
287 1 0
291 1 -1
293 0 0
295 0 0
297 1 -1
299 0 0
301 0 0
303 1 0
305 1 0
307 1 0
309 0 0
311 0 0
313 1 0
315 1 -1
317 1 0
319 1 -1
321 1 0
322 1 0
324 1 -1
327 1 0
329 1 -1
331 1 0
333 0 0
335 0 0
337 1 0
339 1 -1
341 1 0
343 1 0
345 1 0
347 1 0
349 2 -1
351 1 0
353 0 0
355 1 -1
357 0 0
359 1 -1
361 1 -1
363 1 0
365 1 0
367 0 0
369 1 0
371 1 -1
373 1 0
375 1 -1
377 0 0
379 1 0
381 0 0
383 0 0
385 1 0
387 2 0
389 0 0
391 1 0
394 1 0
396 1 0
398 1 0
400 0 0
402 0 0
404 0 0
406 1 0
408 1 -1
410 1 0
412 1 0
414 0 0
416 0 0
417 1 0
419 0 0
421 1 0
423 1 0
425 1 0
427 2 0
429 1 -1
431 1 0
433 1 0
435 1 0
437 1 0
439 1 -1
441 1 0
443 1 0
445 1 0
447 1 0
449 1 0
451 1 -1
453 0 0
455 1 0
457 1 0
459 1 0
461 0 0
463 1 0
465 0 0
467 1 0
469 0 0
471 1 0
473 1 0
475 1 0
477 0 0
479 1 0
481 1 0
483 1 0
485 1 0
487 1 -1
489 0 0
491 2 0
493 0 0
495 1 0
497 0 0
499 1 0
501 1 0
503 0 0
505 0 0
507 1 -1
509 0 0
511 0 0
513 1 0
515 1 0
517 1 0
519 1 0
521 1 -1
523 2 0
525 0 0
527 1 0
529 1 0
531 1 0
533 1 0
535 1 0
537 1 -1
539 0 0
541 1 -1
543 1 0
545 1 0
547 1 0
549 1 0
551 0 0
553 1 0
555 1 0
557 1 -1
559 0 0
561 2 -1
564 1 -1
565 0 0
567 0 0
569 2 0
571 0 0
573 1 0
575 1 0
577 2 -1
579 1 0
581 1 0
583 0 0
585 1 0
587 1 0
589 1 0
591 0 0
593 1 -1
595 1 0
597 0 0
599 1 0
601 1 0
603 1 0
605 1 0
607 0 0
609 1 -1
611 0 0
613 0 0
615 1 -1
617 1 -1
619 0 0
621 1 0
623 1 0
625 1 0
627 0 0
629 0 0
631 1 0
633 0 0
635 0 0
637 1 0
639 1 0
641 0 0
643 2 -1
645 1 0
647 0 0
649 1 0
651 0 0
653 1 0
655 1 0
657 1 -1
659 1 -1
661 1 0
663 0 0
665 1 0
667 1 -1
669 0 0
671 1 0
673 1 0
675 1 0
677 1 0
681 1 0
682 1 0
684 0 0
686 1 -1
688 1 -1
690 0 0
692 1 0
694 1 -1
696 1 0
698 1 0
700 1 -1
702 0 0
704 1 0
706 1 0
708 0 0
710 1 -1
712 1 0
714 0 0
716 0 0
718 1 -1
720 1 -1
721 0 0
724 1 -1
726 2 0
728 1 0
730 1 0
732 0 0
734 0 0
736 0 0
738 1 -1
740 2 0
742 1 0
744 1 0
746 2 0
748 2 0
750 1 0
752 0 0
754 0 0
756 1 0
758 1 -1
760 0 0
762 1 0
764 1 -1
766 1 -1
768 1 -1
770 0 0
772 0 0
774 1 -1
776 0 0
778 0 0
780 1 -1
782 1 0
784 1 0
786 1 -1
788 1 0
789 1 0
790 0 0
792 0 0
794 1 0
796 1 0
798 1 0
800 1 -1
802 1 0
804 1 0
806 1 0
809 1 -1
811 1 0
813 1 0
815 1 -1
817 1 0
819 1 0
820 1 -1
822 1 0
824 0 0
826 1 -1
828 0 0
830 1 0
832 1 0
834 1 0
836 1 0
838 1 0
840 0 0
842 0 0
844 1 0
846 1 -1
848 1 0
850 1 0
852 0 0
854 1 0
856 1 0
858 1 0
861 0 0
863 0 0
865 1 0
867 0 0
869 0 0
871 1 0
873 0 0
874 1 0
875 0 0
877 1 -1
879 1 0
881 1 -1
883 0 0
885 0 0
887 1 0
889 1 0
891 1 0
893 1 -1
895 1 0
897 2 -1
899 1 -1
901 1 0
903 0 0
905 1 0
907 0 0
909 1 0
911 1 0
913 1 0
915 1 -1
917 1 0
919 1 0
921 0 0
923 1 -1
925 0 0
927 0 0
929 0 0
931 1 0
933 1 -1
935 2 -1
937 1 -1
939 0 0
941 0 0
943 1 -1
945 0 0
947 2 -1
949 1 0
953 0 0
956 0 0
958 0 0
960 0 0
962 1 0
964 1 0
966 1 0
968 1 0
970 1 -1
972 1 -1
974 1 0
976 1 -1
978 0 0
980 0 0
982 0 0
984 1 -1
986 0 0
988 1 -1
990 2 0
992 1 0
994 2 0
996 0 0
998 1 -1
1000 2 -1
