1 0 0
3 0 0
4 0 0
6 0 0
7 0 0
8 0 0
9 0 0
10 0 0
11 0 0
12 0 0
13 0 0
14 0 0
15 0 0
16 0 0
17 0 0
18 0 0
19 0 0
20 0 0
21 0 0
22 0 0
23 0 0
24 0 0
25 0 0
26 0 0
27 0 0
28 0 0
29 0 0
30 0 0
31 0 0
32 0 0
33 0 0
35 0 0
36 0 0
37 0 0
39 0 0
40 0 0
41 0 0
42 0 0
43 0 0
44 0 0
45 0 0
46 0 0
47 0 0
48 0 0
49 0 0
50 0 0
51 0 0
52 0 0
53 0 0
54 0 0
55 0 0
56 0 0
58 0 0
59 0 0
60 0 0
61 0 0
62 0 0
63 0 0
64 0 0
65 0 0
66 0 0
67 0 0
68 0 0
69 0 0
70 0 0
71 0 0
72 0 0
73 0 0
74 0 0
76 0 0
77 0 0
78 0 0
79 0 0
80 0 0
81 0 0
82 0 0
83 0 0
84 0 0
85 0 0
86 0 0
87 0 0
89 0 0
90 0 0
91 0 0
92 0 0
93 0 0
94 0 0
95 0 0
96 0 0
97 0 0
98 0 0
99 0 0
103 0 0
104 0 0
105 2 -1
107 1 -1
108 1 0
109 0 0
110 2 0
111 0 0
112 1 0
113 0 0
114 2 -1
115 0 0
116 1 0
117 0 0
118 1 0
119 1 0
120 1 0
121 1 0
123 1 0
124 1 0
125 1 0
126 1 0
127 1 -1
128 1 0
129 1 -1
130 1 -1
131 1 0
132 1 0
133 0 0
134 1 0
135 1 0
136 2 -1
138 0 0
139 1 0
140 1 0
141 0 0
142 1 -1
143 0 0
144 0 0
145 1 -1
146 0 0
147 0 0
148 1 0
149 0 0
150 1 0
151 1 0
152 1 -1
154 1 -1
155 0 0
156 1 0
157 0 0
158 1 0
159 0 0
160 1 0
161 1 -1
162 1 0
163 1 0
164 1 0
165 1 0
166 1 0
167 1 0
169 1 0
170 2 -1
171 0 0
172 0 0
173 1 0
174 0 0
175 0 0
176 0 0
177 0 0
178 1 0
179 0 0
180 1 0
181 1 -1
182 1 0
184 1 -1
185 1 -1
187 1 0
188 0 0
189 0 0
190 0 0
191 1 0
192 1 0
193 0 0
194 0 0
195 1 0
196 0 0
197 1 0
198 2 0
201 1 0
202 0 0
203 1 -1
204 1 0
206 1 -1
207 1 0
208 0 0
209 1 0
210 1 -1
211 1 0
212 0 0
213 1 -1
214 1 -1
215 1 0
216 1 0
217 0 0
218 1 0
219 1 0
220 0 0
221 1 0
222 1 0
223 0 0
225 1 0
226 2 -1
227 1 0
228 0 0
229 1 0
230 1 -1
231 1 -1
232 1 -1
233 0 0
234 2 -1
235 0 0
236 0 0
237 1 0
238 2 -1
240 0 0
241 0 0
242 1 0
243 0 0
244 1 -1
245 1 0
246 2 -1
247 0 0
248 0 0
249 1 0
250 0 0
251 1 0
252 1 0
253 1 0
255 0 0
256 1 0
257 1 0
258 1 0
259 0 0
260 1 0
261 1 -1
262 1 0
263 1 0
264 1 0
265 0 0
266 2 0
267 1 0
268 1 0
269 1 0
271 0 0
272 2 0
273 1 0
274 1 0
275 1 0
276 1 -1
277 1 0
278 1 0
279 0 0
280 1 0
281 1 -1
282 0 0
283 0 0
284 2 -1
285 2 0
286 1 0
288 2 -1
289 0 0
290 1 0
292 2 0
294 0 0
296 1 -1
298 1 0
300 1 0
302 0 0
304 1 0
306 2 -1
308 0 0
310 1 0
312 2 0
314 1 0
316 0 0
318 0 0
320 0 0
323 1 -1
325 1 0
326 1 0
328 1 0
330 1 0
332 1 0
334 1 -1
336 0 0
338 2 0
340 1 0
342 0 0
344 1 0
346 1 0
348 1 0
350 0 0
352 0 0
354 2 0
356 1 0
358 0 0
360 1 0
362 0 0
364 1 0
366 1 0
368 0 0
370 1 0
372 2 0
374 1 -1
376 1 0
378 1 -1
380 1 0
382 1 0
384 0 0
386 1 0
388 1 0
390 1 -1
392 0 0
393 0 0
395 1 0
397 1 0
399 2 -1
401 0 0
403 1 0
405 0 0
407 0 0
409 2 -1
411 1 -1
413 2 0
415 1 0
418 2 0
420 0 0
422 1 0
424 2 0
426 1 0
428 1 0
430 0 0
432 2 0
434 1 0
436 0 0
438 0 0
440 0 0
442 0 0
444 1 0
446 1 0
448 0 0
450 1 0
452 2 -1
454 1 -1
456 0 0
458 0 0
460 0 0
462 1 -1
464 1 -1
466 0 0
468 1 -1
470 1 0
472 1 0
474 1 0
476 1 0
478 1 0
480 1 -1
482 1 0
484 2 0
486 1 0
488 2 0
490 2 -1
492 1 0
494 1 0
496 0 0
498 1 0
500 1 0
502 1 0
504 1 0
506 0 0
508 1 -1
510 0 0
512 1 -1
514 1 0
516 0 0
518 1 -1
520 1 0
522 1 -1
524 0 0
526 1 -1
528 0 0
530 1 -1
532 1 0
534 1 0
536 1 0
538 0 0
540 1 0
542 1 0
544 2 -1
546 0 0
548 2 0
550 1 0
552 0 0
554 1 -1
556 2 -1
558 0 0
560 1 0
562 0 0
563 0 0
566 1 0
568 2 -1
570 0 0
572 1 0
574 1 0
576 0 0
578 1 0
580 1 0
582 1 -1
584 1 0
586 1 0
588 0 0
590 2 0
592 0 0
594 1 -1
596 1 0
598 1 0
600 0 0
602 1 0
604 1 -1
606 0 0
608 1 0
610 0 0
612 1 0
614 0 0
616 1 0
618 1 -1
620 1 -1
622 0 0
624 1 0
626 0 0
628 1 0
630 1 -1
632 1 0
634 1 -1
636 1 0
638 1 0
640 1 -1
642 0 0
644 1 0
646 1 0
648 1 0
650 0 0
652 1 0
654 0 0
656 1 0
658 0 0
660 1 0
662 1 0
664 1 0
666 1 0
668 0 0
670 1 -1
672 2 -1
674 1 0
676 1 0
678 1 0
679 1 0
680 1 -1
683 1 0
685 1 -1
687 1 -1
689 1 -1
691 1 0
693 1 0
695 1 0
697 2 -1
699 2 -1
701 1 -1
703 1 0
705 2 0
707 1 0
709 1 0
711 0 0
713 1 0
715 1 -1
717 0 0
719 1 0
722 1 -1
723 1 -1
725 0 0
727 1 0
729 1 0
731 1 0
733 1 0
735 2 0
737 0 0
739 0 0
741 1 0
743 1 0
745 1 0
747 0 0
749 1 0
751 1 0
753 0 0
755 1 0
757 1 0
759 1 0
761 0 0
763 1 -1
765 1 0
767 1 0
769 0 0
771 0 0
773 1 -1
775 1 0
777 1 0
779 0 0
781 1 0
783 1 -1
785 1 -1
787 0 0
791 2 0
793 1 -1
795 1 -1
797 0 0
799 0 0
801 1 0
803 2 -1
805 0 0
807 1 0
808 0 0
810 1 0
812 0 0
814 1 0
816 1 0
818 0 0
821 0 0
823 1 -1
825 0 0
827 0 0
829 2 0
831 0 0
833 1 0
835 0 0
837 1 0
839 0 0
841 1 0
843 0 0
845 1 0
847 0 0
849 2 0
851 1 0
853 0 0
855 1 0
857 1 0
859 1 0
860 1 -1
862 1 0
864 1 -1
866 1 0
868 1 -1
870 1 0
872 2 0
876 1 -1
878 1 0
880 0 0
882 0 0
884 0 0
886 0 0
888 0 0
890 1 0
892 0 0
894 0 0
896 1 0
898 1 0
900 1 0
902 2 0
904 1 -1
906 1 0
908 2 0
910 1 -1
912 1 0
914 1 0
916 1 0
918 0 0
920 0 0
922 1 0
924 0 0
926 1 -1
928 0 0
930 0 0
932 1 0
934 1 -1
936 0 0
938 1 -1
940 1 0
942 0 0
944 1 0
946 1 0
948 0 0
950 0 0
951 0 0
952 1 -1
954 1 -1
955 0 0
957 1 -1
959 1 0
961 1 -1
963 1 0
965 1 0
967 0 0
969 1 0
971 0 0
973 0 0
975 1 0
977 2 0
979 1 0
981 1 0
983 1 -1
985 1 0
987 1 0
989 0 0
991 1 0
993 1 0
995 0 0
997 2 -1
999 2 -1
